{"component":"Test_Component","data":{"key":"value"},"level":"INFO","message":"This is an INFO log message","timestamp":"2025-03-14T06:09:15Z"}
{"component":"Test_Compounent","data":{"key":"value"},"level":"WARNING","message":"This is a  WARNING log message.","timestamp":"2025-03-14T06:09:15Z"}
{"component":"Test_Compounent","data":{"key":"value"},"level":"ERROR","message":"This is an ERROR log message.","timestamp":"2025-03-14T06:09:15Z"}
{"component":"Test_Compounent","data":{"key":"value"},"level":"SECURITY","message":"This is a SECURITY log message.","timestamp":"2025-03-14T06:09:15Z"}
{"component":"Test_Component","data":{"key":"value"},"hmac":"07fb997eab2d41767820274cdcd2a2c9db6d2f1fd0beba9eb800ae1f52312053","level":"INFO","message":"This is an INFO log message","timestamp":"2025-03-14T22:04:52Z"}
{"component":"Test_Component","data":{"key":"value"},"hmac":"8d6b027cfd0bced60cdfbf82b90205076334a4639d9e8d8cfd0d58bdcb6a8688","level":"WARNING","message":"This is a WARNING log message.","timestamp":"2025-03-14T22:04:52Z"}
{"component":"Test_Component","data":{"key":"value"},"hmac":"8d62604b9f45865b1499ddc40fdb059b6f8a2c971e6694b99841785a13d7dcb8","level":"ERROR","message":"This is an ERROR log message.","timestamp":"2025-03-14T22:04:52Z"}
{"component":"Test_Component","data":{"key":"value"},"hmac":"25b99d0f3780adbee5cd7e356750e68bf6836f52299085bc628e5d689738f785","level":"SECURITY","message":"This is a SECURITY log message.","timestamp":"2025-03-14T22:04:52Z"}
{"component":"Test_Component","data":{"key":"value"},"hmac":"53cfd9f96af02d3d7e64fff41342fb4d2a5e4531efcaf099a3344da2f9e460e8","level":"INFO","message":"This is an INFO log message","timestamp":"2025-03-14T22:14:14Z"}
{"component":"Test_Component","data":{"key":"value"},"hmac":"b36e4ed1cc982c43e2a00fee85eafc8f1c8f5ac4bad49593daa9b73beb61fa1a","level":"WARNING","message":"This is a WARNING log message.","timestamp":"2025-03-14T22:14:14Z"}
{"component":"Test_Component","data":{"key":"value"},"hmac":"06c00cd25966b7df91b2a173432adb8063169205489add6aa8603295e3676d7a","level":"ERROR","message":"This is an ERROR log message.","timestamp":"2025-03-14T22:14:14Z"}
{"component":"Test_Component","data":{"key":"value"},"hmac":"947d9d15e58044e891102e9d604acfb1d1cbe62c0790d2d5f474b075a7832edd","level":"SECURITY","message":"This is a SECURITY log message.","timestamp":"2025-03-14T22:14:14Z"}
{"component":"Test_Component","data":{"key":"value"},"hmac":"849f68ee8b7a616b87e9c554cfc4884a85a58e4703cc1878bc6831c11059f857","level":"INFO","message":"This is an INFO log message","timestamp":"2025-03-14T22:14:18Z"}
{"component":"Test_Component","data":{"key":"value"},"hmac":"3cbcfb4e0b5da24cf9124e2040475f621c30cc2d891d5315794c20067b46ec1c","level":"WARNING","message":"This is a WARNING log message.","timestamp":"2025-03-14T22:14:18Z"}
{"component":"Test_Component","data":{"key":"value"},"hmac":"3d00a6ed5878105b15151be51c7399452b42819c9f69bdc7813f91042b9dbce4","level":"ERROR","message":"This is an ERROR log message.","timestamp":"2025-03-14T22:14:18Z"}
{"component":"Test_Component","data":{"key":"value"},"hmac":"585a3af1ad42238b1ff7ddc15b6a7f5c72db8a9f337f9716a41f435d1a94a2f9","level":"SECURITY","message":"This is a SECURITY log message.","timestamp":"2025-03-14T22:14:18Z"}
{"component":"Test_Component","data":{"key":"value"},"hmac":"48931e66ea4d240e72b5a4e6dee63cc077247860fd2a2a0f617501d19524061d","level":"INFO","message":"This is an INFO log message","timestamp":"2025-03-14T22:19:11Z"}
{"component":"Test_Component","data":{"key":"value"},"hmac":"3ba7b9928623b23547d4732ffc68390905c7fe30d7323a3b62e182156ce2c24f","level":"WARNING","message":"This is a WARNING log message.","timestamp":"2025-03-14T22:19:11Z"}
{"component":"Test_Component","data":{"key":"value"},"hmac":"47560329fd044b40ddd7d7c2acfab5e43c5e05564d65ae794013895c88e43e19","level":"ERROR","message":"This is an ERROR log message.","timestamp":"2025-03-14T22:19:11Z"}
{"component":"Test_Component","data":{"key":"value"},"hmac":"32302844ed81c3e632bf9695d8602884fde96549f43f5bfbc63848ad1f81a960","level":"SECURITY","message":"This is a SECURITY log message.","timestamp":"2025-03-14T22:19:11Z"}
{"component":"Test_Component","data":{"key":"value"},"hmac":"223d98a528272c9c1b8e55dcd31acfe6b1dadaba61c2e3af3d9a85fac1a2adc6","level":"INFO","message":"This is a new test log entry","timestamp":"2025-03-18T07:08:43Z"}
